1545389127.362285 client started (6425): version 2.8, socket /tmp/tmux-1000/default, protocol 8
1545389127.362430 on Linux 4.14.87-1-MANJARO #1 SMP PREEMPT Sat Dec 8 15:56:41 UTC 2018; libevent 2.1.8-stable (poll)
1545389127.362616 socket is /tmp/tmux-1000/default
1545389127.362728 trying connect
1545389127.363236 add peer 0x55f8eee6a840: 6 ((nil))
1545389127.363419 sending message 100 to peer 0x55f8eee6a840 (4 bytes)
1545389127.363437 sending message 101 to peer 0x55f8eee6a840 (15 bytes)
1545389127.363448 sending message 102 to peer 0x55f8eee6a840 (11 bytes)
1545389127.363457 sending message 108 to peer 0x55f8eee6a840 (34 bytes)
1545389127.363468 sending message 104 to peer 0x55f8eee6a840 (0 bytes)
1545389127.363480 sending message 107 to peer 0x55f8eee6a840 (4 bytes)
1545389127.363490 sending message 105 to peer 0x55f8eee6a840 (1549 bytes)
1545389127.363516 sending message 105 to peer 0x55f8eee6a840 (27 bytes)
1545389127.363528 sending message 105 to peer 0x55f8eee6a840 (21 bytes)
1545389127.363538 sending message 105 to peer 0x55f8eee6a840 (24 bytes)
1545389127.363547 sending message 105 to peer 0x55f8eee6a840 (22 bytes)
1545389127.363557 sending message 105 to peer 0x55f8eee6a840 (16 bytes)
1545389127.363567 sending message 105 to peer 0x55f8eee6a840 (106 bytes)
1545389127.363576 sending message 105 to peer 0x55f8eee6a840 (13 bytes)
1545389127.363585 sending message 105 to peer 0x55f8eee6a840 (21 bytes)
1545389127.363595 sending message 105 to peer 0x55f8eee6a840 (20 bytes)
1545389127.363604 sending message 105 to peer 0x55f8eee6a840 (41 bytes)
1545389127.363614 sending message 105 to peer 0x55f8eee6a840 (11 bytes)
1545389127.363623 sending message 105 to peer 0x55f8eee6a840 (46 bytes)
1545389127.363632 sending message 105 to peer 0x55f8eee6a840 (21 bytes)
1545389127.363641 sending message 105 to peer 0x55f8eee6a840 (20 bytes)
1545389127.363651 sending message 105 to peer 0x55f8eee6a840 (18 bytes)
1545389127.363660 sending message 105 to peer 0x55f8eee6a840 (52 bytes)
1545389127.363669 sending message 105 to peer 0x55f8eee6a840 (14 bytes)
1545389127.363678 sending message 105 to peer 0x55f8eee6a840 (20 bytes)
1545389127.363688 sending message 105 to peer 0x55f8eee6a840 (21 bytes)
1545389127.363697 sending message 105 to peer 0x55f8eee6a840 (16 bytes)
1545389127.363706 sending message 105 to peer 0x55f8eee6a840 (27 bytes)
1545389127.363715 sending message 105 to peer 0x55f8eee6a840 (40 bytes)
1545389127.363724 sending message 105 to peer 0x55f8eee6a840 (27 bytes)
1545389127.363734 sending message 105 to peer 0x55f8eee6a840 (38 bytes)
1545389127.363743 sending message 105 to peer 0x55f8eee6a840 (20 bytes)
1545389127.363752 sending message 105 to peer 0x55f8eee6a840 (18 bytes)
1545389127.363761 sending message 105 to peer 0x55f8eee6a840 (21 bytes)
1545389127.363770 sending message 105 to peer 0x55f8eee6a840 (76 bytes)
1545389127.363779 sending message 105 to peer 0x55f8eee6a840 (25 bytes)
1545389127.363789 sending message 105 to peer 0x55f8eee6a840 (23 bytes)
1545389127.363799 sending message 105 to peer 0x55f8eee6a840 (23 bytes)
1545389127.363808 sending message 105 to peer 0x55f8eee6a840 (32 bytes)
1545389127.363818 sending message 105 to peer 0x55f8eee6a840 (20 bytes)
1545389127.363827 sending message 105 to peer 0x55f8eee6a840 (52 bytes)
1545389127.363836 sending message 105 to peer 0x55f8eee6a840 (30 bytes)
1545389127.363845 sending message 105 to peer 0x55f8eee6a840 (20 bytes)
1545389127.363854 sending message 105 to peer 0x55f8eee6a840 (16 bytes)
1545389127.363863 sending message 105 to peer 0x55f8eee6a840 (17 bytes)
1545389127.363873 sending message 105 to peer 0x55f8eee6a840 (52 bytes)
1545389127.363882 sending message 105 to peer 0x55f8eee6a840 (25 bytes)
1545389127.363891 sending message 105 to peer 0x55f8eee6a840 (15 bytes)
1545389127.363900 sending message 105 to peer 0x55f8eee6a840 (8 bytes)
1545389127.363909 sending message 105 to peer 0x55f8eee6a840 (18 bytes)
1545389127.363918 sending message 105 to peer 0x55f8eee6a840 (25 bytes)
1545389127.363928 sending message 105 to peer 0x55f8eee6a840 (16 bytes)
1545389127.363938 sending message 105 to peer 0x55f8eee6a840 (17 bytes)
1545389127.363962 sending message 105 to peer 0x55f8eee6a840 (54 bytes)
1545389127.363973 sending message 105 to peer 0x55f8eee6a840 (31 bytes)
1545389127.363982 sending message 105 to peer 0x55f8eee6a840 (38 bytes)
1545389127.363992 sending message 105 to peer 0x55f8eee6a840 (58 bytes)
1545389127.364001 sending message 105 to peer 0x55f8eee6a840 (25 bytes)
1545389127.364010 sending message 105 to peer 0x55f8eee6a840 (182 bytes)
1545389127.364020 sending message 105 to peer 0x55f8eee6a840 (30 bytes)
1545389127.364029 sending message 105 to peer 0x55f8eee6a840 (84 bytes)
1545389127.364039 sending message 105 to peer 0x55f8eee6a840 (20 bytes)
1545389127.364048 sending message 105 to peer 0x55f8eee6a840 (16 bytes)
1545389127.364057 sending message 106 to peer 0x55f8eee6a840 (0 bytes)
1545389127.364068 sending message 200 to peer 0x55f8eee6a840 (4 bytes)
1545389127.364077 client loop enter
1545389127.373758 peer 0x55f8eee6a840 message 207
1545389127.373786 sending message 208 to peer 0x55f8eee6a840 (0 bytes)
1545389370.314899 sending message 208 to peer 0x55f8eee6a840 (0 bytes)
1545389372.226420 sending message 208 to peer 0x55f8eee6a840 (0 bytes)
1545389376.665003 peer 0x55f8eee6a840 message 203
1545389376.665042 sending message 205 to peer 0x55f8eee6a840 (0 bytes)
1545389376.665501 peer 0x55f8eee6a840 message 204
1545389376.665524 client loop exit
